[ 2014-03-18T12:45:15+08:00 ] 127.0.0.1 /xwahz/
INFO: [ app_begin ] --START--
INFO: ReadHtmlCache Behavior ::run [ RunTime:0.001205s ]
INFO: [ app_begin ] --END-- [ RunTime:0.001891s ]
INFO: [ view_parse ] --START--
NOTIC: [8] Use of undefined constant RES - assumed 'RES' D:\wamp\www\xwahz\data\logs\Cache\Home\1c050765058ebc97c122cbb1ab9d8f98.php 第 2 行.
INFO: ParseTemplate Behavior ::run [ RunTime:0.009692s ]
INFO: [ view_parse ] --END-- [ RunTime:0.009825s ]
INFO: [ view_filter ] --START--
INFO: ContentReplace Behavior ::run [ RunTime:0.000930s ]
INFO: TokenBuild Behavior ::run [ RunTime:0.000956s ]
INFO: WriteHtmlCache Behavior ::run [ RunTime:0.000763s ]
INFO: ShowRuntime Behavior ::run [ RunTime:0.000987s ]
INFO: [ view_filter ] --END-- [ RunTime:0.004003s ]
INFO: [ view_end ] --START--
INFO: ShowPageTrace Behavior ::run [ RunTime:0.001026s ]
INFO: [ view_end ] --END-- [ RunTime:0.001148s ]

[ 2014-03-18T12:59:07+08:00 ] 127.0.0.1 /xwahz/
INFO: [ app_begin ] --START--
INFO: ReadHtmlCache Behavior ::run [ RunTime:0.001783s ]
INFO: [ app_begin ] --END-- [ RunTime:0.002000s ]
INFO: [ view_parse ] --START--
INFO: ParseTemplate Behavior ::run [ RunTime:0.022739s ]
INFO: [ view_parse ] --END-- [ RunTime:0.023046s ]
INFO: [ view_filter ] --START--
INFO: ContentReplace Behavior ::run [ RunTime:0.001812s ]
INFO: TokenBuild Behavior ::run [ RunTime:0.001543s ]
INFO: WriteHtmlCache Behavior ::run [ RunTime:0.001430s ]
INFO: ShowRuntime Behavior ::run [ RunTime:0.001586s ]
INFO: [ view_filter ] --END-- [ RunTime:0.006898s ]
INFO: [ view_end ] --START--
INFO: ShowPageTrace Behavior ::run [ RunTime:0.001894s ]
INFO: [ view_end ] --END-- [ RunTime:0.002036s ]

[ 2014-03-18T12:59:10+08:00 ] 127.0.0.1 /xwahz/
INFO: [ app_begin ] --START--
INFO: ReadHtmlCache Behavior ::run [ RunTime:0.002273s ]
INFO: [ app_begin ] --END-- [ RunTime:0.002518s ]
INFO: [ view_parse ] --START--
INFO: ParseTemplate Behavior ::run [ RunTime:0.021253s ]
INFO: [ view_parse ] --END-- [ RunTime:0.021438s ]
INFO: [ view_filter ] --START--
INFO: ContentReplace Behavior ::run [ RunTime:0.001663s ]
INFO: TokenBuild Behavior ::run [ RunTime:0.001244s ]
INFO: WriteHtmlCache Behavior ::run [ RunTime:0.001192s ]
INFO: ShowRuntime Behavior ::run [ RunTime:0.001605s ]
INFO: [ view_filter ] --END-- [ RunTime:0.006125s ]
INFO: [ view_end ] --START--
INFO: ShowPageTrace Behavior ::run [ RunTime:0.001383s ]
INFO: [ view_end ] --END-- [ RunTime:0.001556s ]

[ 2014-03-18T12:59:23+08:00 ] 127.0.0.1 /xwahz/
INFO: [ app_begin ] --START--
INFO: ReadHtmlCache Behavior ::run [ RunTime:0.001056s ]
INFO: [ app_begin ] --END-- [ RunTime:0.001223s ]
INFO: [ view_parse ] --START--
INFO: ParseTemplate Behavior ::run [ RunTime:0.019716s ]
INFO: [ view_parse ] --END-- [ RunTime:0.019894s ]
INFO: [ view_filter ] --START--
INFO: ContentReplace Behavior ::run [ RunTime:0.001336s ]
INFO: TokenBuild Behavior ::run [ RunTime:0.001098s ]
INFO: WriteHtmlCache Behavior ::run [ RunTime:0.000760s ]
INFO: ShowRuntime Behavior ::run [ RunTime:0.002603s ]
INFO: [ view_filter ] --END-- [ RunTime:0.006214s ]
INFO: [ view_end ] --START--
INFO: ShowPageTrace Behavior ::run [ RunTime:0.001561s ]
INFO: [ view_end ] --END-- [ RunTime:0.001716s ]

[ 2014-03-18T12:59:24+08:00 ] 127.0.0.1 /xwahz/
INFO: [ app_begin ] --START--
INFO: ReadHtmlCache Behavior ::run [ RunTime:0.001283s ]
INFO: [ app_begin ] --END-- [ RunTime:0.001758s ]
INFO: [ view_parse ] --START--
INFO: ParseTemplate Behavior ::run [ RunTime:0.024700s ]
INFO: [ view_parse ] --END-- [ RunTime:0.024907s ]
INFO: [ view_filter ] --START--
INFO: ContentReplace Behavior ::run [ RunTime:0.001531s ]
INFO: TokenBuild Behavior ::run [ RunTime:0.001727s ]
INFO: WriteHtmlCache Behavior ::run [ RunTime:0.000837s ]
INFO: ShowRuntime Behavior ::run [ RunTime:0.001208s ]
INFO: [ view_filter ] --END-- [ RunTime:0.005844s ]
INFO: [ view_end ] --START--
INFO: ShowPageTrace Behavior ::run [ RunTime:0.001318s ]
INFO: [ view_end ] --END-- [ RunTime:0.001459s ]

[ 2014-03-18T12:59:56+08:00 ] 127.0.0.1 /xwahz/
INFO: [ app_begin ] --START--
INFO: ReadHtmlCache Behavior ::run [ RunTime:0.000852s ]
INFO: [ app_begin ] --END-- [ RunTime:0.001030s ]
INFO: [ view_parse ] --START--
INFO: ParseTemplate Behavior ::run [ RunTime:0.019979s ]
INFO: [ view_parse ] --END-- [ RunTime:0.020182s ]
INFO: [ view_filter ] --START--
INFO: ContentReplace Behavior ::run [ RunTime:0.001252s ]
INFO: TokenBuild Behavior ::run [ RunTime:0.001084s ]
INFO: WriteHtmlCache Behavior ::run [ RunTime:0.000865s ]
INFO: ShowRuntime Behavior ::run [ RunTime:0.000996s ]
INFO: [ view_filter ] --END-- [ RunTime:0.004689s ]
INFO: [ view_end ] --START--
INFO: ShowPageTrace Behavior ::run [ RunTime:0.001198s ]
INFO: [ view_end ] --END-- [ RunTime:0.001328s ]

[ 2014-03-18T13:00:16+08:00 ] 127.0.0.1 /xwahz/
INFO: [ app_begin ] --START--
INFO: ReadHtmlCache Behavior ::run [ RunTime:0.001263s ]
INFO: [ app_begin ] --END-- [ RunTime:0.001663s ]
INFO: [ view_parse ] --START--
INFO: ParseTemplate Behavior ::run [ RunTime:0.019610s ]
INFO: [ view_parse ] --END-- [ RunTime:0.019812s ]
INFO: [ view_filter ] --START--
INFO: ContentReplace Behavior ::run [ RunTime:0.001304s ]
INFO: TokenBuild Behavior ::run [ RunTime:0.001133s ]
INFO: WriteHtmlCache Behavior ::run [ RunTime:0.000708s ]
INFO: ShowRuntime Behavior ::run [ RunTime:0.001119s ]
INFO: [ view_filter ] --END-- [ RunTime:0.004678s ]
INFO: [ view_end ] --START--
INFO: ShowPageTrace Behavior ::run [ RunTime:0.000949s ]
INFO: [ view_end ] --END-- [ RunTime:0.001073s ]

[ 2014-03-18T13:01:08+08:00 ] 127.0.0.1 /xwahz/
INFO: [ app_begin ] --START--
INFO: ReadHtmlCache Behavior ::run [ RunTime:0.001015s ]
INFO: [ app_begin ] --END-- [ RunTime:0.001167s ]
INFO: [ view_parse ] --START--
INFO: ParseTemplate Behavior ::run [ RunTime:0.019434s ]
INFO: [ view_parse ] --END-- [ RunTime:0.019615s ]
INFO: [ view_filter ] --START--
INFO: ContentReplace Behavior ::run [ RunTime:0.001280s ]
INFO: TokenBuild Behavior ::run [ RunTime:0.001097s ]
INFO: WriteHtmlCache Behavior ::run [ RunTime:0.000874s ]
INFO: ShowRuntime Behavior ::run [ RunTime:0.001489s ]
INFO: [ view_filter ] --END-- [ RunTime:0.005231s ]
INFO: [ view_end ] --START--
INFO: ShowPageTrace Behavior ::run [ RunTime:0.001043s ]
INFO: [ view_end ] --END-- [ RunTime:0.001208s ]

[ 2014-03-18T13:02:52+08:00 ] 127.0.0.1 /xwahz/
INFO: [ app_begin ] --START--
INFO: ReadHtmlCache Behavior ::run [ RunTime:0.001067s ]
INFO: [ app_begin ] --END-- [ RunTime:0.001232s ]
INFO: [ view_parse ] --START--
INFO: ParseTemplate Behavior ::run [ RunTime:0.020575s ]
INFO: [ view_parse ] --END-- [ RunTime:0.020774s ]
INFO: [ view_filter ] --START--
INFO: ContentReplace Behavior ::run [ RunTime:0.001559s ]
INFO: TokenBuild Behavior ::run [ RunTime:0.001149s ]
INFO: WriteHtmlCache Behavior ::run [ RunTime:0.000989s ]
INFO: ShowRuntime Behavior ::run [ RunTime:0.001256s ]
INFO: [ view_filter ] --END-- [ RunTime:0.005395s ]
INFO: [ view_end ] --START--
INFO: ShowPageTrace Behavior ::run [ RunTime:0.001305s ]
INFO: [ view_end ] --END-- [ RunTime:0.001477s ]

[ 2014-03-18T13:03:14+08:00 ] 127.0.0.1 /xwahz/
INFO: [ app_begin ] --START--
INFO: ReadHtmlCache Behavior ::run [ RunTime:0.001270s ]
INFO: [ app_begin ] --END-- [ RunTime:0.001431s ]
INFO: [ view_parse ] --START--
INFO: ParseTemplate Behavior ::run [ RunTime:0.020915s ]
INFO: [ view_parse ] --END-- [ RunTime:0.021131s ]
INFO: [ view_filter ] --START--
INFO: ContentReplace Behavior ::run [ RunTime:0.001563s ]
INFO: TokenBuild Behavior ::run [ RunTime:0.001450s ]
INFO: WriteHtmlCache Behavior ::run [ RunTime:0.000973s ]
INFO: ShowRuntime Behavior ::run [ RunTime:0.001259s ]
INFO: [ view_filter ] --END-- [ RunTime:0.005667s ]
INFO: [ view_end ] --START--
INFO: ShowPageTrace Behavior ::run [ RunTime:0.001298s ]
INFO: [ view_end ] --END-- [ RunTime:0.001432s ]

[ 2014-03-18T13:03:51+08:00 ] 127.0.0.1 /xwahz/
INFO: [ app_begin ] --START--
INFO: ReadHtmlCache Behavior ::run [ RunTime:0.001082s ]
INFO: [ app_begin ] --END-- [ RunTime:0.001266s ]
INFO: [ view_parse ] --START--
INFO: ParseTemplate Behavior ::run [ RunTime:0.019390s ]
INFO: [ view_parse ] --END-- [ RunTime:0.019572s ]
INFO: [ view_filter ] --START--
INFO: ContentReplace Behavior ::run [ RunTime:0.001335s ]
INFO: TokenBuild Behavior ::run [ RunTime:0.001086s ]
INFO: WriteHtmlCache Behavior ::run [ RunTime:0.000844s ]
INFO: ShowRuntime Behavior ::run [ RunTime:0.001021s ]
INFO: [ view_filter ] --END-- [ RunTime:0.004699s ]
INFO: [ view_end ] --START--
INFO: ShowPageTrace Behavior ::run [ RunTime:0.000995s ]
INFO: [ view_end ] --END-- [ RunTime:0.001122s ]

[ 2014-03-18T13:04:45+08:00 ] 127.0.0.1 /xwahz/
INFO: [ app_begin ] --START--
INFO: ReadHtmlCache Behavior ::run [ RunTime:0.001305s ]
INFO: [ app_begin ] --END-- [ RunTime:0.001459s ]
INFO: [ view_parse ] --START--
INFO: ParseTemplate Behavior ::run [ RunTime:0.021215s ]
INFO: [ view_parse ] --END-- [ RunTime:0.021436s ]
INFO: [ view_filter ] --START--
INFO: ContentReplace Behavior ::run [ RunTime:0.001477s ]
INFO: TokenBuild Behavior ::run [ RunTime:0.001141s ]
INFO: WriteHtmlCache Behavior ::run [ RunTime:0.001143s ]
INFO: ShowRuntime Behavior ::run [ RunTime:0.001268s ]
INFO: [ view_filter ] --END-- [ RunTime:0.005421s ]
INFO: [ view_end ] --START--
INFO: ShowPageTrace Behavior ::run [ RunTime:0.001363s ]
INFO: [ view_end ] --END-- [ RunTime:0.001518s ]

[ 2014-03-18T13:06:21+08:00 ] 127.0.0.1 /xwahz/
INFO: [ app_begin ] --START--
INFO: ReadHtmlCache Behavior ::run [ RunTime:0.001190s ]
INFO: [ app_begin ] --END-- [ RunTime:0.001357s ]
INFO: [ view_parse ] --START--
INFO: ParseTemplate Behavior ::run [ RunTime:0.020684s ]
INFO: [ view_parse ] --END-- [ RunTime:0.020853s ]
INFO: [ view_filter ] --START--
INFO: ContentReplace Behavior ::run [ RunTime:0.001757s ]
INFO: TokenBuild Behavior ::run [ RunTime:0.001251s ]
INFO: WriteHtmlCache Behavior ::run [ RunTime:0.000983s ]
INFO: ShowRuntime Behavior ::run [ RunTime:0.001397s ]
INFO: [ view_filter ] --END-- [ RunTime:0.005842s ]
INFO: [ view_end ] --START--
INFO: ShowPageTrace Behavior ::run [ RunTime:0.001352s ]
INFO: [ view_end ] --END-- [ RunTime:0.001478s ]

[ 2014-03-18T13:06:59+08:00 ] 127.0.0.1 /xwahz/
INFO: [ app_begin ] --START--
INFO: ReadHtmlCache Behavior ::run [ RunTime:0.001229s ]
INFO: [ app_begin ] --END-- [ RunTime:0.001398s ]
INFO: [ view_parse ] --START--
INFO: ParseTemplate Behavior ::run [ RunTime:0.021984s ]
INFO: [ view_parse ] --END-- [ RunTime:0.022182s ]
INFO: [ view_filter ] --START--
INFO: ContentReplace Behavior ::run [ RunTime:0.001627s ]
INFO: TokenBuild Behavior ::run [ RunTime:0.001218s ]
INFO: WriteHtmlCache Behavior ::run [ RunTime:0.000975s ]
INFO: ShowRuntime Behavior ::run [ RunTime:0.001520s ]
INFO: [ view_filter ] --END-- [ RunTime:0.005792s ]
INFO: [ view_end ] --START--
INFO: ShowPageTrace Behavior ::run [ RunTime:0.001399s ]
INFO: [ view_end ] --END-- [ RunTime:0.001533s ]

[ 2014-03-18T13:08:24+08:00 ] 127.0.0.1 /xwahz/
INFO: [ app_begin ] --START--
INFO: ReadHtmlCache Behavior ::run [ RunTime:0.001286s ]
INFO: [ app_begin ] --END-- [ RunTime:0.001505s ]
INFO: [ view_parse ] --START--
INFO: ParseTemplate Behavior ::run [ RunTime:0.020618s ]
INFO: [ view_parse ] --END-- [ RunTime:0.020833s ]
INFO: [ view_filter ] --START--
INFO: ContentReplace Behavior ::run [ RunTime:0.001249s ]
INFO: TokenBuild Behavior ::run [ RunTime:0.001216s ]
INFO: WriteHtmlCache Behavior ::run [ RunTime:0.000898s ]
INFO: ShowRuntime Behavior ::run [ RunTime:0.001642s ]
INFO: [ view_filter ] --END-- [ RunTime:0.005435s ]
INFO: [ view_end ] --START--
INFO: ShowPageTrace Behavior ::run [ RunTime:0.001097s ]
INFO: [ view_end ] --END-- [ RunTime:0.001223s ]

[ 2014-03-18T13:08:35+08:00 ] 127.0.0.1 /xwahz/
INFO: [ app_begin ] --START--
INFO: ReadHtmlCache Behavior ::run [ RunTime:0.001647s ]
INFO: [ app_begin ] --END-- [ RunTime:0.001837s ]
INFO: [ view_parse ] --START--
INFO: ParseTemplate Behavior ::run [ RunTime:0.081376s ]
INFO: [ view_parse ] --END-- [ RunTime:0.081606s ]
INFO: [ view_filter ] --START--
INFO: ContentReplace Behavior ::run [ RunTime:0.001659s ]
INFO: TokenBuild Behavior ::run [ RunTime:0.001340s ]
INFO: WriteHtmlCache Behavior ::run [ RunTime:0.001269s ]
INFO: ShowRuntime Behavior ::run [ RunTime:0.001330s ]
INFO: [ view_filter ] --END-- [ RunTime:0.006020s ]
INFO: [ view_end ] --START--
INFO: ShowPageTrace Behavior ::run [ RunTime:0.001399s ]
INFO: [ view_end ] --END-- [ RunTime:0.001529s ]

[ 2014-03-18T13:09:49+08:00 ] 127.0.0.1 /xwahz/
INFO: [ app_begin ] --START--
INFO: ReadHtmlCache Behavior ::run [ RunTime:0.001696s ]
INFO: [ app_begin ] --END-- [ RunTime:0.001887s ]
INFO: [ view_parse ] --START--
INFO: ParseTemplate Behavior ::run [ RunTime:0.022890s ]
INFO: [ view_parse ] --END-- [ RunTime:0.023106s ]
INFO: [ view_filter ] --START--
INFO: ContentReplace Behavior ::run [ RunTime:0.001647s ]
INFO: TokenBuild Behavior ::run [ RunTime:0.001454s ]
INFO: WriteHtmlCache Behavior ::run [ RunTime:0.001214s ]
INFO: ShowRuntime Behavior ::run [ RunTime:0.001805s ]
INFO: [ view_filter ] --END-- [ RunTime:0.006555s ]
INFO: [ view_end ] --START--
INFO: ShowPageTrace Behavior ::run [ RunTime:0.001367s ]
INFO: [ view_end ] --END-- [ RunTime:0.001527s ]

[ 2014-03-18T13:12:40+08:00 ] 127.0.0.1 /xwahz/
INFO: [ app_begin ] --START--
INFO: ReadHtmlCache Behavior ::run [ RunTime:0.001397s ]
INFO: [ app_begin ] --END-- [ RunTime:0.001582s ]
INFO: [ view_parse ] --START--
NOTIC: [8] Use of undefined constant RES - assumed 'RES' D:\wamp\www\xwahz\data\logs\Cache\Home\1c050765058ebc97c122cbb1ab9d8f98.php 第 71 行.
INFO: ParseTemplate Behavior ::run [ RunTime:0.022574s ]
INFO: [ view_parse ] --END-- [ RunTime:0.022765s ]
INFO: [ view_filter ] --START--
INFO: ContentReplace Behavior ::run [ RunTime:0.001577s ]
INFO: TokenBuild Behavior ::run [ RunTime:0.001256s ]
INFO: WriteHtmlCache Behavior ::run [ RunTime:0.001046s ]
INFO: ShowRuntime Behavior ::run [ RunTime:0.001317s ]
INFO: [ view_filter ] --END-- [ RunTime:0.005633s ]
INFO: [ view_end ] --START--
INFO: ShowPageTrace Behavior ::run [ RunTime:0.001447s ]
INFO: [ view_end ] --END-- [ RunTime:0.001580s ]

[ 2014-03-18T13:13:02+08:00 ] 127.0.0.1 /xwahz/
INFO: [ app_begin ] --START--
INFO: ReadHtmlCache Behavior ::run [ RunTime:0.001339s ]
INFO: [ app_begin ] --END-- [ RunTime:0.001556s ]
INFO: [ view_parse ] --START--
INFO: ParseTemplate Behavior ::run [ RunTime:0.021546s ]
INFO: [ view_parse ] --END-- [ RunTime:0.021722s ]
INFO: [ view_filter ] --START--
INFO: ContentReplace Behavior ::run [ RunTime:0.001788s ]
INFO: TokenBuild Behavior ::run [ RunTime:0.001300s ]
INFO: WriteHtmlCache Behavior ::run [ RunTime:0.001013s ]
INFO: ShowRuntime Behavior ::run [ RunTime:0.001401s ]
INFO: [ view_filter ] --END-- [ RunTime:0.005996s ]
INFO: [ view_end ] --START--
INFO: ShowPageTrace Behavior ::run [ RunTime:0.001522s ]
INFO: [ view_end ] --END-- [ RunTime:0.001798s ]

[ 2014-03-18T13:17:34+08:00 ] 127.0.0.1 /xwahz/
INFO: [ app_begin ] --START--
INFO: ReadHtmlCache Behavior ::run [ RunTime:0.001291s ]
INFO: [ app_begin ] --END-- [ RunTime:0.001473s ]
NOTIC: [8] Use of undefined constant THEME_PATH - assumed 'THEME_PATH' D:\wamp\www\xwahz\hnrb\Lib\Action\BaseAction.class.php 第 6 行.
INFO: [ view_parse ] --START--
INFO: ParseTemplate Behavior ::run [ RunTime:0.022231s ]
INFO: [ view_parse ] --END-- [ RunTime:0.022424s ]
INFO: [ view_filter ] --START--
INFO: ContentReplace Behavior ::run [ RunTime:0.001631s ]
INFO: TokenBuild Behavior ::run [ RunTime:0.001540s ]
INFO: WriteHtmlCache Behavior ::run [ RunTime:0.001065s ]
INFO: ShowRuntime Behavior ::run [ RunTime:0.001518s ]
INFO: [ view_filter ] --END-- [ RunTime:0.006184s ]
INFO: [ view_end ] --START--
INFO: ShowPageTrace Behavior ::run [ RunTime:0.001281s ]
INFO: [ view_end ] --END-- [ RunTime:0.001429s ]

[ 2014-03-18T13:18:59+08:00 ] 127.0.0.1 /xwahz/
INFO: [ app_begin ] --START--
INFO: ReadHtmlCache Behavior ::run [ RunTime:0.001131s ]
INFO: [ app_begin ] --END-- [ RunTime:0.001305s ]
NOTIC: [8] Use of undefined constant THEME_PATH - assumed 'THEME_PATH' D:\wamp\www\xwahz\hnrb\Lib\Action\BaseAction.class.php 第 6 行.
INFO: [ view_parse ] --START--
INFO: ParseTemplate Behavior ::run [ RunTime:0.021262s ]
INFO: [ view_parse ] --END-- [ RunTime:0.021452s ]
INFO: [ view_filter ] --START--
INFO: ContentReplace Behavior ::run [ RunTime:0.001492s ]
INFO: TokenBuild Behavior ::run [ RunTime:0.001024s ]
INFO: WriteHtmlCache Behavior ::run [ RunTime:0.000751s ]
INFO: ShowRuntime Behavior ::run [ RunTime:0.001078s ]
INFO: [ view_filter ] --END-- [ RunTime:0.004754s ]
INFO: [ view_end ] --START--
INFO: ShowPageTrace Behavior ::run [ RunTime:0.001299s ]
INFO: [ view_end ] --END-- [ RunTime:0.001557s ]

[ 2014-03-18T13:26:02+08:00 ] 127.0.0.1 /xwahz/
INFO: [ app_begin ] --START--
INFO: ReadHtmlCache Behavior ::run [ RunTime:0.001517s ]
INFO: [ app_begin ] --END-- [ RunTime:0.001677s ]
NOTIC: [8] Use of undefined constant THEME_PATH - assumed 'THEME_PATH' D:\wamp\www\xwahz\hnrb\Lib\Action\BaseAction.class.php 第 6 行.
INFO: [ view_parse ] --START--
INFO: ParseTemplate Behavior ::run [ RunTime:0.020620s ]
INFO: [ view_parse ] --END-- [ RunTime:0.020810s ]
INFO: [ view_filter ] --START--
INFO: ContentReplace Behavior ::run [ RunTime:0.001440s ]
INFO: TokenBuild Behavior ::run [ RunTime:0.001024s ]
INFO: WriteHtmlCache Behavior ::run [ RunTime:0.000753s ]
INFO: ShowRuntime Behavior ::run [ RunTime:0.001127s ]
INFO: [ view_filter ] --END-- [ RunTime:0.004750s ]
INFO: [ view_end ] --START--
INFO: ShowPageTrace Behavior ::run [ RunTime:0.001098s ]
INFO: [ view_end ] --END-- [ RunTime:0.001252s ]

[ 2014-03-18T13:26:28+08:00 ] 127.0.0.1 /xwahz/
INFO: [ app_begin ] --START--
INFO: ReadHtmlCache Behavior ::run [ RunTime:0.000964s ]
INFO: [ app_begin ] --END-- [ RunTime:0.001137s ]
NOTIC: [8] Use of undefined constant THEME_PATH - assumed 'THEME_PATH' D:\wamp\www\xwahz\hnrb\Lib\Action\BaseAction.class.php 第 6 行.
NOTIC: [8] Use of undefined constant THEME_PATH - assumed 'THEME_PATH' D:\wamp\www\xwahz\hnrb\Lib\Action\BaseAction.class.php 第 9 行.
INFO: [ view_parse ] --START--
INFO: ParseTemplate Behavior ::run [ RunTime:0.021070s ]
INFO: [ view_parse ] --END-- [ RunTime:0.021255s ]
INFO: [ view_filter ] --START--
INFO: ContentReplace Behavior ::run [ RunTime:0.001307s ]
INFO: TokenBuild Behavior ::run [ RunTime:0.000929s ]
INFO: WriteHtmlCache Behavior ::run [ RunTime:0.000695s ]
INFO: ShowRuntime Behavior ::run [ RunTime:0.001023s ]
INFO: [ view_filter ] --END-- [ RunTime:0.004360s ]
INFO: [ view_end ] --START--
INFO: ShowPageTrace Behavior ::run [ RunTime:0.001025s ]
INFO: [ view_end ] --END-- [ RunTime:0.001156s ]

[ 2014-03-18T13:31:40+08:00 ] 127.0.0.1 /xwahz/
INFO: [ app_begin ] --START--
INFO: ReadHtmlCache Behavior ::run [ RunTime:0.001480s ]
INFO: [ app_begin ] --END-- [ RunTime:0.001644s ]
NOTIC: [8] Use of undefined constant THEME_PATH - assumed 'THEME_PATH' D:\wamp\www\xwahz\hnrb\Lib\Action\BaseAction.class.php 第 6 行.
NOTIC: [8] Use of undefined constant THEME_PATH - assumed 'THEME_PATH' D:\wamp\www\xwahz\hnrb\Lib\Action\BaseAction.class.php 第 9 行.
INFO: [ view_parse ] --START--
INFO: ParseTemplate Behavior ::run [ RunTime:0.022894s ]
INFO: [ view_parse ] --END-- [ RunTime:0.023093s ]
INFO: [ view_filter ] --START--
INFO: ContentReplace Behavior ::run [ RunTime:0.001759s ]
INFO: TokenBuild Behavior ::run [ RunTime:0.001515s ]
INFO: WriteHtmlCache Behavior ::run [ RunTime:0.001147s ]
INFO: ShowRuntime Behavior ::run [ RunTime:0.001792s ]
INFO: [ view_filter ] --END-- [ RunTime:0.006685s ]
INFO: [ view_end ] --START--
INFO: ShowPageTrace Behavior ::run [ RunTime:0.001592s ]
INFO: [ view_end ] --END-- [ RunTime:0.001727s ]

[ 2014-03-18T13:31:53+08:00 ] 127.0.0.1 /xwahz/
INFO: [ app_begin ] --START--
INFO: ReadHtmlCache Behavior ::run [ RunTime:0.001169s ]
INFO: [ app_begin ] --END-- [ RunTime:0.001343s ]
NOTIC: [8] Use of undefined constant THEME_PATH - assumed 'THEME_PATH' D:\wamp\www\xwahz\hnrb\Lib\Action\BaseAction.class.php 第 6 行.
NOTIC: [8] Use of undefined constant THEME_PATH - assumed 'THEME_PATH' D:\wamp\www\xwahz\hnrb\Lib\Action\BaseAction.class.php 第 9 行.
INFO: [ view_parse ] --START--
INFO: ParseTemplate Behavior ::run [ RunTime:0.023251s ]
INFO: [ view_parse ] --END-- [ RunTime:0.023432s ]
INFO: [ view_filter ] --START--
INFO: ContentReplace Behavior ::run [ RunTime:0.001583s ]
INFO: TokenBuild Behavior ::run [ RunTime:0.001162s ]
INFO: WriteHtmlCache Behavior ::run [ RunTime:0.001018s ]
INFO: ShowRuntime Behavior ::run [ RunTime:0.001353s ]
INFO: [ view_filter ] --END-- [ RunTime:0.005533s ]
INFO: [ view_end ] --START--
INFO: ShowPageTrace Behavior ::run [ RunTime:0.001396s ]
INFO: [ view_end ] --END-- [ RunTime:0.001534s ]

[ 2014-03-18T13:32:01+08:00 ] 127.0.0.1 /xwahz/
INFO: [ app_begin ] --START--
INFO: ReadHtmlCache Behavior ::run [ RunTime:0.001763s ]
INFO: [ app_begin ] --END-- [ RunTime:0.001942s ]
NOTIC: [8] Use of undefined constant THEME_PATH - assumed 'THEME_PATH' D:\wamp\www\xwahz\hnrb\Lib\Action\BaseAction.class.php 第 6 行.
INFO: [ view_parse ] --START--
INFO: ParseTemplate Behavior ::run [ RunTime:0.023766s ]
INFO: [ view_parse ] --END-- [ RunTime:0.023968s ]
INFO: [ view_filter ] --START--
INFO: ContentReplace Behavior ::run [ RunTime:0.001701s ]
INFO: TokenBuild Behavior ::run [ RunTime:0.001311s ]
INFO: WriteHtmlCache Behavior ::run [ RunTime:0.001410s ]
INFO: ShowRuntime Behavior ::run [ RunTime:0.001450s ]
INFO: [ view_filter ] --END-- [ RunTime:0.006320s ]
INFO: [ view_end ] --START--
INFO: ShowPageTrace Behavior ::run [ RunTime:0.001495s ]
INFO: [ view_end ] --END-- [ RunTime:0.001636s ]

[ 2014-03-18T13:32:03+08:00 ] 127.0.0.1 /xwahz/
INFO: [ app_begin ] --START--
INFO: ReadHtmlCache Behavior ::run [ RunTime:0.001645s ]
INFO: [ app_begin ] --END-- [ RunTime:0.001878s ]
NOTIC: [8] Use of undefined constant THEME_PATH - assumed 'THEME_PATH' D:\wamp\www\xwahz\hnrb\Lib\Action\BaseAction.class.php 第 6 行.
INFO: [ view_parse ] --START--
INFO: ParseTemplate Behavior ::run [ RunTime:0.023069s ]
INFO: [ view_parse ] --END-- [ RunTime:0.023279s ]
INFO: [ view_filter ] --START--
INFO: ContentReplace Behavior ::run [ RunTime:0.001649s ]
INFO: TokenBuild Behavior ::run [ RunTime:0.001545s ]
INFO: WriteHtmlCache Behavior ::run [ RunTime:0.001079s ]
INFO: ShowRuntime Behavior ::run [ RunTime:0.001516s ]
INFO: [ view_filter ] --END-- [ RunTime:0.006272s ]
INFO: [ view_end ] --START--
INFO: ShowPageTrace Behavior ::run [ RunTime:0.001433s ]
INFO: [ view_end ] --END-- [ RunTime:0.001599s ]

[ 2014-03-18T13:33:42+08:00 ] 127.0.0.1 /xwahz/
INFO: [ app_begin ] --START--
INFO: ReadHtmlCache Behavior ::run [ RunTime:0.001228s ]
INFO: [ app_begin ] --END-- [ RunTime:0.001381s ]
NOTIC: [8] Use of undefined constant THEME_PATH - assumed 'THEME_PATH' D:\wamp\www\xwahz\hnrb\Lib\Action\BaseAction.class.php 第 6 行.
NOTIC: [8] Use of undefined constant THEME_PATH - assumed 'THEME_PATH' D:\wamp\www\xwahz\hnrb\Lib\Action\Home\IndexAction.class.php 第 5 行.
INFO: [ view_parse ] --START--
INFO: ParseTemplate Behavior ::run [ RunTime:0.020113s ]
INFO: [ view_parse ] --END-- [ RunTime:0.020306s ]
INFO: [ view_filter ] --START--
INFO: ContentReplace Behavior ::run [ RunTime:0.001337s ]
INFO: TokenBuild Behavior ::run [ RunTime:0.001089s ]
INFO: WriteHtmlCache Behavior ::run [ RunTime:0.000947s ]
INFO: ShowRuntime Behavior ::run [ RunTime:0.001175s ]
INFO: [ view_filter ] --END-- [ RunTime:0.004998s ]
INFO: [ view_end ] --START--
INFO: ShowPageTrace Behavior ::run [ RunTime:0.001361s ]
INFO: [ view_end ] --END-- [ RunTime:0.001486s ]

[ 2014-03-18T13:34:24+08:00 ] 127.0.0.1 /xwahz/
INFO: [ app_begin ] --START--
INFO: ReadHtmlCache Behavior ::run [ RunTime:0.001074s ]
INFO: [ app_begin ] --END-- [ RunTime:0.001255s ]
NOTIC: [8] Use of undefined constant THEME_PATH - assumed 'THEME_PATH' D:\wamp\www\xwahz\hnrb\Lib\Action\BaseAction.class.php 第 6 行.
NOTIC: [8] Use of undefined constant APP_TMPL_PATH - assumed 'APP_TMPL_PATH' D:\wamp\www\xwahz\hnrb\Lib\Action\Home\IndexAction.class.php 第 5 行.
INFO: [ view_parse ] --START--
INFO: ParseTemplate Behavior ::run [ RunTime:0.020756s ]
INFO: [ view_parse ] --END-- [ RunTime:0.020958s ]
INFO: [ view_filter ] --START--
INFO: ContentReplace Behavior ::run [ RunTime:0.001376s ]
INFO: TokenBuild Behavior ::run [ RunTime:0.001057s ]
INFO: WriteHtmlCache Behavior ::run [ RunTime:0.000828s ]
INFO: ShowRuntime Behavior ::run [ RunTime:0.001236s ]
INFO: [ view_filter ] --END-- [ RunTime:0.004958s ]
INFO: [ view_end ] --START--
INFO: ShowPageTrace Behavior ::run [ RunTime:0.001063s ]
INFO: [ view_end ] --END-- [ RunTime:0.001195s ]

[ 2014-03-18T13:34:26+08:00 ] 127.0.0.1 /xwahz/
INFO: [ app_begin ] --START--
INFO: ReadHtmlCache Behavior ::run [ RunTime:0.000957s ]
INFO: [ app_begin ] --END-- [ RunTime:0.001117s ]
NOTIC: [8] Use of undefined constant THEME_PATH - assumed 'THEME_PATH' D:\wamp\www\xwahz\hnrb\Lib\Action\BaseAction.class.php 第 6 行.
NOTIC: [8] Use of undefined constant APP_TMPL_PATH - assumed 'APP_TMPL_PATH' D:\wamp\www\xwahz\hnrb\Lib\Action\Home\IndexAction.class.php 第 5 行.
INFO: [ view_parse ] --START--
INFO: ParseTemplate Behavior ::run [ RunTime:0.021690s ]
INFO: [ view_parse ] --END-- [ RunTime:0.021885s ]
INFO: [ view_filter ] --START--
INFO: ContentReplace Behavior ::run [ RunTime:0.001526s ]
INFO: TokenBuild Behavior ::run [ RunTime:0.001158s ]
INFO: WriteHtmlCache Behavior ::run [ RunTime:0.000860s ]
INFO: ShowRuntime Behavior ::run [ RunTime:0.001046s ]
INFO: [ view_filter ] --END-- [ RunTime:0.005047s ]
INFO: [ view_end ] --START--
INFO: ShowPageTrace Behavior ::run [ RunTime:0.001053s ]
INFO: [ view_end ] --END-- [ RunTime:0.001204s ]

[ 2014-03-18T13:34:55+08:00 ] 127.0.0.1 /xwahz/
INFO: [ app_begin ] --START--
INFO: ReadHtmlCache Behavior ::run [ RunTime:0.001243s ]
INFO: [ app_begin ] --END-- [ RunTime:0.001431s ]
NOTIC: [8] Use of undefined constant THEME_PATH - assumed 'THEME_PATH' D:\wamp\www\xwahz\hnrb\Lib\Action\BaseAction.class.php 第 6 行.
INFO: [ view_parse ] --START--
INFO: ParseTemplate Behavior ::run [ RunTime:0.023162s ]
INFO: [ view_parse ] --END-- [ RunTime:0.023387s ]
INFO: [ view_filter ] --START--
INFO: ContentReplace Behavior ::run [ RunTime:0.002265s ]
INFO: TokenBuild Behavior ::run [ RunTime:0.001367s ]
INFO: WriteHtmlCache Behavior ::run [ RunTime:0.001152s ]
INFO: ShowRuntime Behavior ::run [ RunTime:0.001523s ]
INFO: [ view_filter ] --END-- [ RunTime:0.006767s ]
INFO: [ view_end ] --START--
INFO: ShowPageTrace Behavior ::run [ RunTime:0.001335s ]
INFO: [ view_end ] --END-- [ RunTime:0.001466s ]

[ 2014-03-18T13:38:56+08:00 ] 127.0.0.1 /xwahz/
INFO: [ app_begin ] --START--
INFO: ReadHtmlCache Behavior ::run [ RunTime:0.001081s ]
INFO: [ app_begin ] --END-- [ RunTime:0.001270s ]
NOTIC: [8] Use of undefined constant THEME_PATH - assumed 'THEME_PATH' D:\wamp\www\xwahz\hnrb\Lib\Action\BaseAction.class.php 第 6 行.
INFO: [ view_parse ] --START--
INFO: ParseTemplate Behavior ::run [ RunTime:0.020364s ]
INFO: [ view_parse ] --END-- [ RunTime:0.020588s ]
INFO: [ view_filter ] --START--
INFO: ContentReplace Behavior ::run [ RunTime:0.001501s ]
INFO: TokenBuild Behavior ::run [ RunTime:0.001054s ]
INFO: WriteHtmlCache Behavior ::run [ RunTime:0.000775s ]
INFO: ShowRuntime Behavior ::run [ RunTime:0.001055s ]
INFO: [ view_filter ] --END-- [ RunTime:0.004848s ]
INFO: [ view_end ] --START--
INFO: ShowPageTrace Behavior ::run [ RunTime:0.001020s ]
INFO: [ view_end ] --END-- [ RunTime:0.001149s ]

[ 2014-03-18T13:41:09+08:00 ] 127.0.0.1 /xwahz/
INFO: [ app_begin ] --START--
INFO: ReadHtmlCache Behavior ::run [ RunTime:0.001236s ]
INFO: [ app_begin ] --END-- [ RunTime:0.001487s ]
NOTIC: [8] Use of undefined constant THEME_PATH - assumed 'THEME_PATH' D:\wamp\www\xwahz\hnrb\Lib\Action\BaseAction.class.php 第 6 行.
INFO: [ view_parse ] --START--
INFO: ParseTemplate Behavior ::run [ RunTime:0.020367s ]
INFO: [ view_parse ] --END-- [ RunTime:0.020554s ]
INFO: [ view_filter ] --START--
INFO: ContentReplace Behavior ::run [ RunTime:0.001323s ]
INFO: TokenBuild Behavior ::run [ RunTime:0.001355s ]
INFO: WriteHtmlCache Behavior ::run [ RunTime:0.000877s ]
INFO: ShowRuntime Behavior ::run [ RunTime:0.001152s ]
INFO: [ view_filter ] --END-- [ RunTime:0.005129s ]
INFO: [ view_end ] --START--
INFO: ShowPageTrace Behavior ::run [ RunTime:0.001096s ]
INFO: [ view_end ] --END-- [ RunTime:0.001229s ]

[ 2014-03-18T13:41:22+08:00 ] 127.0.0.1 /xwahz/
INFO: [ app_begin ] --START--
INFO: ReadHtmlCache Behavior ::run [ RunTime:0.001441s ]
INFO: [ app_begin ] --END-- [ RunTime:0.001635s ]
NOTIC: [8] Use of undefined constant THEME_PATH - assumed 'THEME_PATH' D:\wamp\www\xwahz\hnrb\Lib\Action\BaseAction.class.php 第 6 行.
INFO: [ view_parse ] --START--
INFO: ParseTemplate Behavior ::run [ RunTime:0.024320s ]
INFO: [ view_parse ] --END-- [ RunTime:0.024613s ]
INFO: [ view_filter ] --START--
INFO: ContentReplace Behavior ::run [ RunTime:0.002238s ]
INFO: TokenBuild Behavior ::run [ RunTime:0.002365s ]
INFO: WriteHtmlCache Behavior ::run [ RunTime:0.001215s ]
INFO: ShowRuntime Behavior ::run [ RunTime:0.002491s ]
INFO: [ view_filter ] --END-- [ RunTime:0.008994s ]
INFO: [ view_end ] --START--
INFO: ShowPageTrace Behavior ::run [ RunTime:0.002074s ]
INFO: [ view_end ] --END-- [ RunTime:0.002256s ]

[ 2014-03-18T13:46:52+08:00 ] 127.0.0.1 /xwahz/
INFO: [ app_begin ] --START--
INFO: ReadHtmlCache Behavior ::run [ RunTime:0.001389s ]
INFO: [ app_begin ] --END-- [ RunTime:0.001787s ]
NOTIC: [8] Use of undefined constant THEME_PATH - assumed 'THEME_PATH' D:\wamp\www\xwahz\hnrb\Lib\Action\BaseAction.class.php 第 6 行.
INFO: [ view_parse ] --START--
INFO: ParseTemplate Behavior ::run [ RunTime:0.022177s ]
INFO: [ view_parse ] --END-- [ RunTime:0.022406s ]
INFO: [ view_filter ] --START--
INFO: ContentReplace Behavior ::run [ RunTime:0.001840s ]
INFO: TokenBuild Behavior ::run [ RunTime:0.001430s ]
INFO: WriteHtmlCache Behavior ::run [ RunTime:0.001076s ]
INFO: ShowRuntime Behavior ::run [ RunTime:0.001328s ]
INFO: [ view_filter ] --END-- [ RunTime:0.006163s ]
INFO: [ view_end ] --START--
INFO: ShowPageTrace Behavior ::run [ RunTime:0.001249s ]
INFO: [ view_end ] --END-- [ RunTime:0.001388s ]

[ 2014-03-18T13:47:08+08:00 ] 127.0.0.1 /xwahz/
INFO: [ app_begin ] --START--
INFO: ReadHtmlCache Behavior ::run [ RunTime:0.001155s ]
INFO: [ app_begin ] --END-- [ RunTime:0.001320s ]
NOTIC: [8] Use of undefined constant THEME_PATH - assumed 'THEME_PATH' D:\wamp\www\xwahz\hnrb\Lib\Action\BaseAction.class.php 第 6 行.
NOTIC: [8] Use of undefined constant THEME_PATH - assumed 'THEME_PATH' D:\wamp\www\xwahz\hnrb\Lib\Action\Home\IndexAction.class.php 第 5 行.
INFO: [ view_parse ] --START--
INFO: ParseTemplate Behavior ::run [ RunTime:0.021759s ]
INFO: [ view_parse ] --END-- [ RunTime:0.021933s ]
INFO: [ view_filter ] --START--
INFO: ContentReplace Behavior ::run [ RunTime:0.001734s ]
INFO: TokenBuild Behavior ::run [ RunTime:0.001159s ]
INFO: WriteHtmlCache Behavior ::run [ RunTime:0.000907s ]
INFO: ShowRuntime Behavior ::run [ RunTime:0.001416s ]
INFO: [ view_filter ] --END-- [ RunTime:0.005720s ]
INFO: [ view_end ] --START--
INFO: ShowPageTrace Behavior ::run [ RunTime:0.001316s ]
INFO: [ view_end ] --END-- [ RunTime:0.001458s ]

[ 2014-03-18T13:47:13+08:00 ] 127.0.0.1 /xwahz/
INFO: [ app_begin ] --START--
INFO: ReadHtmlCache Behavior ::run [ RunTime:0.001178s ]
INFO: [ app_begin ] --END-- [ RunTime:0.001344s ]
NOTIC: [8] Use of undefined constant THEME_PATH - assumed 'THEME_PATH' D:\wamp\www\xwahz\hnrb\Lib\Action\BaseAction.class.php 第 6 行.
NOTIC: [8] Use of undefined constant THEME_PAasTH - assumed 'THEME_PAasTH' D:\wamp\www\xwahz\hnrb\Lib\Action\Home\IndexAction.class.php 第 5 行.
INFO: [ view_parse ] --START--
INFO: ParseTemplate Behavior ::run [ RunTime:0.021882s ]
INFO: [ view_parse ] --END-- [ RunTime:0.022064s ]
INFO: [ view_filter ] --START--
INFO: ContentReplace Behavior ::run [ RunTime:0.001545s ]
INFO: TokenBuild Behavior ::run [ RunTime:0.001431s ]
INFO: WriteHtmlCache Behavior ::run [ RunTime:0.001001s ]
INFO: ShowRuntime Behavior ::run [ RunTime:0.001476s ]
INFO: [ view_filter ] --END-- [ RunTime:0.005969s ]
INFO: [ view_end ] --START--
INFO: ShowPageTrace Behavior ::run [ RunTime:0.001332s ]
INFO: [ view_end ] --END-- [ RunTime:0.001492s ]

[ 2014-03-18T13:47:21+08:00 ] 127.0.0.1 /xwahz/
INFO: [ app_begin ] --START--
INFO: ReadHtmlCache Behavior ::run [ RunTime:0.001071s ]
INFO: [ app_begin ] --END-- [ RunTime:0.001225s ]
NOTIC: [8] Use of undefined constant THEME_PATH - assumed 'THEME_PATH' D:\wamp\www\xwahz\hnrb\Lib\Action\BaseAction.class.php 第 6 行.
NOTIC: [8] Use of undefined constant THEME_PATH - assumed 'THEME_PATH' D:\wamp\www\xwahz\hnrb\Lib\Action\Home\IndexAction.class.php 第 5 行.
INFO: [ view_parse ] --START--
INFO: ParseTemplate Behavior ::run [ RunTime:0.021448s ]
INFO: [ view_parse ] --END-- [ RunTime:0.021623s ]
INFO: [ view_filter ] --START--
INFO: ContentReplace Behavior ::run [ RunTime:0.001315s ]
INFO: TokenBuild Behavior ::run [ RunTime:0.001203s ]
INFO: WriteHtmlCache Behavior ::run [ RunTime:0.000833s ]
INFO: ShowRuntime Behavior ::run [ RunTime:0.001045s ]
INFO: [ view_filter ] --END-- [ RunTime:0.004858s ]
INFO: [ view_end ] --START--
INFO: ShowPageTrace Behavior ::run [ RunTime:0.001068s ]
INFO: [ view_end ] --END-- [ RunTime:0.001196s ]

[ 2014-03-18T13:49:25+08:00 ] 127.0.0.1 /xwahz/
INFO: [ app_begin ] --START--
INFO: ReadHtmlCache Behavior ::run [ RunTime:0.001249s ]
INFO: [ app_begin ] --END-- [ RunTime:0.001415s ]
NOTIC: [8] Use of undefined constant THEME_PATH - assumed 'THEME_PATH' D:\wamp\www\xwahz\hnrb\Lib\Action\BaseAction.class.php 第 6 行.
INFO: [ view_parse ] --START--
INFO: ParseTemplate Behavior ::run [ RunTime:0.022884s ]
INFO: [ view_parse ] --END-- [ RunTime:0.023095s ]
INFO: [ view_filter ] --START--
INFO: ContentReplace Behavior ::run [ RunTime:0.001472s ]
INFO: TokenBuild Behavior ::run [ RunTime:0.001158s ]
INFO: WriteHtmlCache Behavior ::run [ RunTime:0.000926s ]
INFO: ShowRuntime Behavior ::run [ RunTime:0.001255s ]
INFO: [ view_filter ] --END-- [ RunTime:0.005240s ]
INFO: [ view_end ] --START--
INFO: ShowPageTrace Behavior ::run [ RunTime:0.001267s ]
INFO: [ view_end ] --END-- [ RunTime:0.001405s ]

[ 2014-03-18T13:49:48+08:00 ] 127.0.0.1 /xwahz/
INFO: [ app_begin ] --START--
INFO: ReadHtmlCache Behavior ::run [ RunTime:0.001327s ]
INFO: [ app_begin ] --END-- [ RunTime:0.001591s ]
NOTIC: [8] Use of undefined constant THEME_PATH - assumed 'THEME_PATH' D:\wamp\www\xwahz\hnrb\Lib\Action\BaseAction.class.php 第 6 行.
INFO: [ view_parse ] --START--
INFO: ParseTemplate Behavior ::run [ RunTime:0.021844s ]
INFO: [ view_parse ] --END-- [ RunTime:0.022024s ]
INFO: [ view_filter ] --START--
INFO: ContentReplace Behavior ::run [ RunTime:0.001617s ]
INFO: TokenBuild Behavior ::run [ RunTime:0.001731s ]
INFO: WriteHtmlCache Behavior ::run [ RunTime:0.001041s ]
INFO: ShowRuntime Behavior ::run [ RunTime:0.001291s ]
INFO: [ view_filter ] --END-- [ RunTime:0.006111s ]
INFO: [ view_end ] --START--
INFO: ShowPageTrace Behavior ::run [ RunTime:0.001383s ]
INFO: [ view_end ] --END-- [ RunTime:0.001513s ]

[ 2014-03-18T13:50:14+08:00 ] 127.0.0.1 /xwahz/
INFO: [ app_begin ] --START--
INFO: ReadHtmlCache Behavior ::run [ RunTime:0.001059s ]
INFO: [ app_begin ] --END-- [ RunTime:0.001220s ]
NOTIC: [8] Use of undefined constant THEME_PATH - assumed 'THEME_PATH' D:\wamp\www\xwahz\hnrb\Lib\Action\BaseAction.class.php 第 6 行.
NOTIC: [8] Use of undefined constant THEME_NAME - assumed 'THEME_NAME' D:\wamp\www\xwahz\hnrb\Lib\Action\Home\IndexAction.class.php 第 5 行.
INFO: [ view_parse ] --START--
INFO: ParseTemplate Behavior ::run [ RunTime:0.020603s ]
INFO: [ view_parse ] --END-- [ RunTime:0.020784s ]
INFO: [ view_filter ] --START--
INFO: ContentReplace Behavior ::run [ RunTime:0.001517s ]
INFO: TokenBuild Behavior ::run [ RunTime:0.001227s ]
INFO: WriteHtmlCache Behavior ::run [ RunTime:0.000831s ]
INFO: ShowRuntime Behavior ::run [ RunTime:0.001161s ]
INFO: [ view_filter ] --END-- [ RunTime:0.005250s ]
INFO: [ view_end ] --START--
INFO: ShowPageTrace Behavior ::run [ RunTime:0.001552s ]
INFO: [ view_end ] --END-- [ RunTime:0.001681s ]

[ 2014-03-18T13:50:17+08:00 ] 127.0.0.1 /xwahz/
INFO: [ app_begin ] --START--
INFO: ReadHtmlCache Behavior ::run [ RunTime:0.001274s ]
INFO: [ app_begin ] --END-- [ RunTime:0.001523s ]
NOTIC: [8] Use of undefined constant THEME_PATH - assumed 'THEME_PATH' D:\wamp\www\xwahz\hnrb\Lib\Action\BaseAction.class.php 第 6 行.
NOTIC: [8] Use of undefined constant THEME_NAME - assumed 'THEME_NAME' D:\wamp\www\xwahz\hnrb\Lib\Action\Home\IndexAction.class.php 第 5 行.
INFO: [ view_parse ] --START--
INFO: ParseTemplate Behavior ::run [ RunTime:0.021102s ]
INFO: [ view_parse ] --END-- [ RunTime:0.021342s ]
INFO: [ view_filter ] --START--
INFO: ContentReplace Behavior ::run [ RunTime:0.001395s ]
INFO: TokenBuild Behavior ::run [ RunTime:0.001040s ]
INFO: WriteHtmlCache Behavior ::run [ RunTime:0.000757s ]
INFO: ShowRuntime Behavior ::run [ RunTime:0.000988s ]
INFO: [ view_filter ] --END-- [ RunTime:0.004769s ]
INFO: [ view_end ] --START--
INFO: ShowPageTrace Behavior ::run [ RunTime:0.001002s ]
INFO: [ view_end ] --END-- [ RunTime:0.001133s ]

[ 2014-03-18T13:51:21+08:00 ] 127.0.0.1 /xwahz/
INFO: [ app_begin ] --START--
INFO: ReadHtmlCache Behavior ::run [ RunTime:0.001054s ]
INFO: [ app_begin ] --END-- [ RunTime:0.001217s ]
NOTIC: [8] Use of undefined constant THEME_PATH - assumed 'THEME_PATH' D:\wamp\www\xwahz\hnrb\Lib\Action\BaseAction.class.php 第 6 行.
INFO: [ view_parse ] --START--
INFO: ParseTemplate Behavior ::run [ RunTime:0.022086s ]
INFO: [ view_parse ] --END-- [ RunTime:0.022306s ]
INFO: [ view_filter ] --START--
INFO: ContentReplace Behavior ::run [ RunTime:0.001266s ]
INFO: TokenBuild Behavior ::run [ RunTime:0.000973s ]
INFO: WriteHtmlCache Behavior ::run [ RunTime:0.000756s ]
INFO: ShowRuntime Behavior ::run [ RunTime:0.001125s ]
INFO: [ view_filter ] --END-- [ RunTime:0.004572s ]
INFO: [ view_end ] --START--
INFO: ShowPageTrace Behavior ::run [ RunTime:0.001065s ]
INFO: [ view_end ] --END-- [ RunTime:0.001197s ]

[ 2014-03-18T13:53:07+08:00 ] 127.0.0.1 /xwahz/
INFO: [ app_begin ] --START--
INFO: ReadHtmlCache Behavior ::run [ RunTime:0.001046s ]
INFO: [ app_begin ] --END-- [ RunTime:0.001227s ]
INFO: [ view_parse ] --START--
INFO: ParseTemplate Behavior ::run [ RunTime:0.021198s ]
INFO: [ view_parse ] --END-- [ RunTime:0.021391s ]
INFO: [ view_filter ] --START--
INFO: ContentReplace Behavior ::run [ RunTime:0.001682s ]
INFO: TokenBuild Behavior ::run [ RunTime:0.001419s ]
INFO: WriteHtmlCache Behavior ::run [ RunTime:0.000879s ]
INFO: ShowRuntime Behavior ::run [ RunTime:0.001125s ]
INFO: [ view_filter ] --END-- [ RunTime:0.005533s ]
INFO: [ view_end ] --START--
INFO: ShowPageTrace Behavior ::run [ RunTime:0.001166s ]
INFO: [ view_end ] --END-- [ RunTime:0.001293s ]

[ 2014-03-18T13:53:23+08:00 ] 127.0.0.1 /xwahz/
INFO: [ app_begin ] --START--
INFO: ReadHtmlCache Behavior ::run [ RunTime:0.001329s ]
INFO: [ app_begin ] --END-- [ RunTime:0.001525s ]
INFO: [ view_parse ] --START--
INFO: ParseTemplate Behavior ::run [ RunTime:0.021566s ]
INFO: [ view_parse ] --END-- [ RunTime:0.021768s ]
INFO: [ view_filter ] --START--
INFO: ContentReplace Behavior ::run [ RunTime:0.001450s ]
INFO: TokenBuild Behavior ::run [ RunTime:0.001184s ]
INFO: WriteHtmlCache Behavior ::run [ RunTime:0.000924s ]
INFO: ShowRuntime Behavior ::run [ RunTime:0.001357s ]
INFO: [ view_filter ] --END-- [ RunTime:0.005364s ]
INFO: [ view_end ] --START--
INFO: ShowPageTrace Behavior ::run [ RunTime:0.001271s ]
INFO: [ view_end ] --END-- [ RunTime:0.001411s ]

[ 2014-03-18T19:51:45+08:00 ] 0.0.0.0 /git/xwahz/
INFO: [ app_begin ] --START--
INFO: ReadHtmlCache Behavior ::run [ RunTime:0.000887s ]
INFO: [ app_begin ] --END-- [ RunTime:0.001049s ]
INFO: [ view_parse ] --START--
INFO: ParseTemplate Behavior ::run [ RunTime:0.020218s ]
INFO: [ view_parse ] --END-- [ RunTime:0.020398s ]
INFO: [ view_filter ] --START--
INFO: ContentReplace Behavior ::run [ RunTime:0.000952s ]
INFO: TokenBuild Behavior ::run [ RunTime:0.000764s ]
INFO: WriteHtmlCache Behavior ::run [ RunTime:0.000560s ]
INFO: ShowRuntime Behavior ::run [ RunTime:0.000818s ]
INFO: [ view_filter ] --END-- [ RunTime:0.003441s ]
INFO: [ view_end ] --START--
INFO: ShowPageTrace Behavior ::run [ RunTime:0.000845s ]
INFO: [ view_end ] --END-- [ RunTime:0.000981s ]

[ 2014-03-18T19:51:52+08:00 ] 0.0.0.0 /git/xwahz/
INFO: [ app_begin ] --START--
INFO: ReadHtmlCache Behavior ::run [ RunTime:0.001135s ]
INFO: [ app_begin ] --END-- [ RunTime:0.001325s ]
INFO: [ view_parse ] --START--
INFO: ParseTemplate Behavior ::run [ RunTime:0.018181s ]
INFO: [ view_parse ] --END-- [ RunTime:0.018347s ]
INFO: [ view_filter ] --START--
INFO: ContentReplace Behavior ::run [ RunTime:0.000868s ]
INFO: TokenBuild Behavior ::run [ RunTime:0.000695s ]
INFO: WriteHtmlCache Behavior ::run [ RunTime:0.000493s ]
INFO: ShowRuntime Behavior ::run [ RunTime:0.000779s ]
INFO: [ view_filter ] --END-- [ RunTime:0.003143s ]
INFO: [ view_end ] --START--
INFO: ShowPageTrace Behavior ::run [ RunTime:0.000775s ]
INFO: [ view_end ] --END-- [ RunTime:0.000890s ]

